<?xml version="1.0" encoding="UTF-8"?>
<testsuite name="TestOnlyCPU" tests="1" skipped="0" failures="0" errors="0" timestamp="2019-09-14T19:23:45" hostname="DESKTOP-6UFJ24U" time="6.002">
  <properties/>
  <testcase name="testTest" classname="TestOnlyCPU" time="6.002"/>
  <system-out><![CDATA[]]></system-out>
  <system-err><![CDATA[]]></system-err>
</testsuite>
