<?xml version="1.0" encoding="UTF-8"?>
<testsuite name="DefaultTests" tests="3" skipped="0" failures="0" errors="0" timestamp="2019-11-22T23:10:23" hostname="Gleethos" time="2.568">
  <properties/>
  <testcase name="testAutograd" classname="DefaultTests" time="0.856"/>
  <testcase name="testTensorFunctions" classname="DefaultTests" time="0.786"/>
  <testcase name="testTensorOperationsAndAutograd" classname="DefaultTests" time="0.925"/>
  <system-out><![CDATA[0.0
]> LOCK: GID:5cfe411d:f((-3.0*(2.0*(I[0]*-1.0)))*(-1.0*I[0])) |> GRAPH:
]
]    0»2»(BRANCH): [NID:6c1bc92b5ffa564]:<(  f(I[0]*I[1]) => [1]:(-24.0)  )>
]       \
]        0»2»(BRANCH): [NID:997c0e0383ae844]:<(  f(I[0]*I[1]) => [1]:(12.0)  )>
]        |  \
]        |   0»0»(LEAVE): [NID:1]:<(  f(NONE) => [1]:(-3.0)  )>
]        |   |
]        |   1»2»(BRANCH DELETED): [NID:317de0ec0d02da40]:<(  f(I[0]*I[1]) => NULL  )>
]        |      \
]        |       0»0»(LEAVE): [NID:1]:<(  f(NONE) => [1]:(2.0)  )>
]        |       |
]        |       1»1»(BRANCH DELETED): [NID:add1281b]:<(  f(I[0]*-1.0) => NULL  )>
]        |          \
]        |           0»0»(LEAVE RQS GRADIENT): [NID:1]:<(  f(NONE) => [1]:(2.0)  )>
]        |
]        1»1»(BRANCH): [NID:7763c18f]:<(  f(-1.0*I[0]) => [1]:(-2.0)  )>
]           \
]            0»0»(LEAVE RQS GRADIENT): [NID:1]:<(  f(NONE) => [1]:(2.0)  )>
]
]|END|>
]]></system-out>
  <system-err><![CDATA[]]></system-err>
</testsuite>
