<?xml version="1.0" encoding="UTF-8"?>
<testsuite name="TestTest" tests="1" skipped="1" failures="0" errors="0" timestamp="2019-09-12T17:23:56" hostname="DESKTOP-6UFJ24U" time="10.661">
  <properties/>
  <testcase name="test1" classname="TestTest" time="10.661">
    <skipped/>
  </testcase>
  <system-out><![CDATA[Test 1 works
_value: 1.0
_value: 4.0
_value: 2.0
_value: 3.0
_value: 2.0
_value: 23.0
_value: 1.0
_value: 3.0
_value: 5.0
_value: 23.0
_value: 45.0
_value: 345.0
_value: 651.0
_value: 6.0
_value: 23.0
_value: 0.3
_value: 23.0
_value: 2.0
_value: 3.0
_value: 2.0
_value: 1.0
_value: 3.0
_value: 5.0
_value: 1.0
_value: 0.0
_value: 5.0
_value: 3.0
_value: 4.0
_value: 0.0
_value: 2.0
_value: 1.0
_value: 3.0
_value: -1.0
_value: 6.0
_value: 2.0
_value: 1.0
_value: 2.0
_value: 2.0
_value: 2.0
_value: 0.0
_value: 0.0
0.0
_value: 2.0
_value: -1.0
_value: 0.0
_value: -2.0
_value: -2.0
_value: 2.0
_value: -100.0
_value: -2.0
_value: 1.0
_value: 0.0
_value: -2.0
_value: -100.0
_value: 2.0
_value: 2.0
_value: 2.0
_value: -3.0
_value: 2.0
_value: -1.0
_value: -1.0

---
Device 2836508854400
  vendor = NVIDIA Corporation
  type:GPU
  maxComputeUnits=6
  maxWorkItemDimensions=3
  maxWorkItemSizes={1024, 1024, 64}
  maxWorkWorkGroupSize=1024
  globalMemSize=4294967296
  localMemSize=49152
NVIDIA<GPU>; ID: 2836508854400

---
Device 2836524095376
  vendor = Intel(R) Corporation
  type:GPU
  maxComputeUnits=24
  maxWorkItemDimensions=3
  maxWorkItemSizes={256, 256, 256}
  maxWorkWorkGroupSize=256
  globalMemSize=6764113920
  localMemSize=65536
Intel<GPU>; ID: 2836524095376

---
Device 2836486880576
  vendor = Intel(R) Corporation
  type:CPU
  maxComputeUnits=12
  maxWorkItemDimensions=3
  maxWorkItemSizes={8192, 8192, 8192}
  maxWorkWorkGroupSize=8192
  globalMemSize=16910290944
  localMemSize=32768
Intel<CPU>; ID: 2836486880576

Chosen _device:
------------
Device 2836508854400
  vendor = NVIDIA Corporation
  type:GPU
  maxComputeUnits=6
  maxWorkItemDimensions=3
  maxWorkItemSizes={1024, 1024, 64}
  maxWorkWorkGroupSize=1024
  globalMemSize=4294967296
  localMemSize=49152
------------


_device _id:
------------
GPU
------------

Device f _kernel:
------------
Device 2836508854400
  vendor = NVIDIA Corporation
  type:GPU
  maxComputeUnits=6
  maxWorkItemDimensions=3
  maxWorkItemSizes={1024, 1024, 64}
  maxWorkWorkGroupSize=1024
  globalMemSize=4294967296
  localMemSize=49152

---
Device 2836508854400
  vendor = NVIDIA Corporation
  type:GPU
  maxComputeUnits=6
  maxWorkItemDimensions=3
  maxWorkItemSizes={1024, 1024, 64}
  maxWorkWorkGroupSize=1024
  globalMemSize=4294967296
  localMemSize=49152
NVIDIA<GPU>; ID: 2836508854400

---
Device 2836524095376
  vendor = Intel(R) Corporation
  type:GPU
  maxComputeUnits=24
  maxWorkItemDimensions=3
  maxWorkItemSizes={256, 256, 256}
  maxWorkWorkGroupSize=256
  globalMemSize=6764113920
  localMemSize=65536
Intel<GPU>; ID: 2836524095376

---
Device 2836486880576
  vendor = Intel(R) Corporation
  type:CPU
  maxComputeUnits=12
  maxWorkItemDimensions=3
  maxWorkItemSizes={8192, 8192, 8192}
  maxWorkWorkGroupSize=8192
  globalMemSize=16910290944
  localMemSize=32768
Intel<CPU>; ID: 2836486880576

Chosen _device:
------------
Device 2836508854400
  vendor = NVIDIA Corporation
  type:GPU
  maxComputeUnits=6
  maxWorkItemDimensions=3
  maxWorkItemSizes={1024, 1024, 64}
  maxWorkWorkGroupSize=1024
  globalMemSize=4294967296
  localMemSize=49152
------------


_device _id:
------------
GPU
------------

Device f _kernel:
------------
Device 2836508854400
  vendor = NVIDIA Corporation
  type:GPU
  maxComputeUnits=6
  maxWorkItemDimensions=3
  maxWorkItemSizes={1024, 1024, 64}
  maxWorkWorkGroupSize=1024
  globalMemSize=4294967296
  localMemSize=49152
pre mul:
888.0, 777.0, -33.0, 999.0, 0.0, 0.0, 0.0, 0.0, -7.0, -9.0, 4.0, -4.0, 9.0, 4.0, 77.0, 0.0, 0.0, 0.0, 0.0, 0.0, 
888.0, 777.0, -33.0, 999.0, 0.0, 0.0, 0.0, 0.0, -7.0, -9.0, 4.0, -4.0, 9.0, 4.0, 77.0, 1.0, 2.0, 3.0, 4.0, 0.0, 2.0, 3.0, 4.0, 2.0, -1.0, -2.0, -3.0, -1.0, 3.0, 0.0, 2.0, -3.0, 1.0, 2.0, -3.0, 0.0, 4.0, 5.0, -1.0, 15.0, 11.0, 20.0, -22.0, 0.0, 0.0, 0.0, 0.0, 0.0, 0.0, -2.0, 3.0, 6.0, 3.0, -1.0, 0.0, 2.0, 4.0, 2.0, 1.0, 1.0, 2.0, -3.0, 2.0, 4.0, -2.0, -1.0, 5.0, 0.0, 0.0, 0.0, 0.0, 0.0, 0.0, 0.0, 0.0, 0.0, 0.0, 0.0, 0.0, 0.0, 0.0, 0.0, 0.0, 0.0, 0.0, 0.0, 0.0, 0.0, 0.0, 0.0, 0.0, 0.0, 0.0, 0.0, 0.0, 0.0, 0.0, 0.0, 0.0, 0.0, 0.0, 0.0, 0.0, 0.0, 0.0, 0.0, 0.0, 0.0, 0.0, 0.0, 0.0, 0.0, 0.0, 0.0, 0.0, 0.0, 0.0, 0.0, 0.0, 0.0, 0.0, 0.0, 0.0, 0.0, 0.0, 
0, -4, 3, 2, 0, 2, 8, 2, 0, 1, 0, 1, 10, 5, 2, 1, 0, 1, 15, 12, 4, 3, 2, 3, 27, 12, 3, 3, 5, 3, 39, 4, 7, 3, 8, 3, 43, 6, 4, 2, 0, 2, 49, 10, 2, 2, 11, 2, 59, 8, 10, 2, 13, 2, 
2, 4, 5, 2, 2, 3, 2, 1, 2, 2, 4, 2, 0, 0, 0, 0, 0, 
1, 2, 1, 2, 6, 1, 2, 4, 1, 1, 2, 1, 5, 1, 4, 0, 0, 0, 0, 0, 0, 0, 0, 0, 
0, 0, 0, 0, 0, 0, 0, 0, 0, 0, 0, 0, 0, 0, 0, 0, 
WE ARE HERE:
888.0, 777.0, -33.0, 999.0, 0.0, 0.0, 0.0, 0.0, -7.0, -9.0, 4.0, -4.0, 9.0, 4.0, 77.0, 1.0, 2.0, 3.0, 4.0, 0.0, 2.0, 3.0, 4.0, 2.0, -1.0, -2.0, -3.0, -1.0, 3.0, 0.0, 2.0, -3.0, 1.0, 2.0, -3.0, 0.0, 4.0, 5.0, -1.0, 15.0, 11.0, 20.0, -22.0, -8.0, 4.0, -9.0, -2.0, 2.0, 3.0, -2.0, 3.0, 6.0, 3.0, -1.0, 0.0, 2.0, 4.0, 2.0, 1.0, 1.0, 2.0, -3.0, 2.0, 4.0, -2.0, -1.0, 5.0, 0.0, 0.0, 0.0, 0.0, 0.0, 0.0, 0.0, 0.0, 0.0, 0.0, 0.0, 0.0, 0.0, 0.0, 0.0, 0.0, 0.0, 0.0, 0.0, 0.0, 0.0, 0.0, 0.0, 0.0, 0.0, 0.0, 0.0, 0.0, 0.0, 0.0, 0.0, 0.0, 0.0, 0.0, 0.0, 0.0, 0.0, 0.0, 0.0, 0.0, 0.0, 0.0, 0.0, 0.0, 0.0, 0.0, 0.0, 0.0, 0.0, 0.0, 0.0, 0.0, 0.0, 0.0, 0.0, 0.0, 0.0, 0.0, 
0, -4, 3, 2, 0, 2, 8, 2, 0, 1, 0, 1, 10, 5, 2, 1, 0, 1, 15, 12, 4, 3, 2, 3, 27, 12, 3, 3, 5, 3, 39, 4, 7, 3, 8, 3, 43, 6, 4, 2, 0, 2, 49, 10, 2, 2, 11, 2, 59, 8, 10, 2, 13, 2, 
2, 4, 5, 2, 2, 3, 2, 1, 2, 2, 4, 2, 0, 0, 0, 0, 0, 
1, 2, 1, 2, 6, 1, 2, 4, 1, 1, 2, 1, 5, 1, 4, 0, 0, 0, 0, 0, 0, 0, 0, 0, 
0, 0, 0, 0, 0, 0, 0, 0, 0, 0, 0, 0, 0, 0, 0, 0, 
Done!
]]></system-out>
  <system-err><![CDATA[]]></system-err>
</testsuite>
