<?xml version="1.0" encoding="UTF-8"?>
<testsuite name="TestOnlyCPU" tests="1" skipped="0" failures="0" errors="0" timestamp="2019-09-16T18:49:08" hostname="DESKTOP-6UFJ24U" time="6.005">
  <properties/>
  <testcase name="testTest" classname="TestOnlyCPU" time="6.005"/>
  <system-out><![CDATA[]]></system-out>
  <system-err><![CDATA[]]></system-err>
</testsuite>
