<?xml version="1.0" encoding="UTF-8"?>
<testsuite name="DefaultJavaTests" tests="3" skipped="0" failures="0" errors="0" timestamp="2019-12-30T20:48:54" hostname="DESKTOP-6UFJ24U" time="4.386">
  <properties/>
  <testcase name="testAutograd" classname="DefaultJavaTests" time="0.888"/>
  <testcase name="testTensorFunctions" classname="DefaultJavaTests" time="2.356"/>
  <testcase name="testTensorOperationsAndAutograd" classname="DefaultJavaTests" time="1.141"/>
  <system-out><![CDATA[...
]> LOCK: GID:298b004e:f((-3.0*(2.0*(I[0]*-1.0)))*(-1.0*I[0])) |> GRAPH:
]
]    0»2»(BRANCH): [NID:c4c8a40a4c6f764]:<(  f(I[0]*I[1]) => [1]:(-24.0)  )>
]       \
]        0»2»(BRANCH): [NID:30b5ac84cd9077b]:<(  f(I[0]*I[1]) => [1]:(12.0)  )>
]        |  \
]        |   0»0»(LEAVE): [NID:1]:<(  f(NONE) => [1]:(-3.0)  )>
]        |   |
]        |   1»2»(BRANCH DELETED): [NID:15f2696dab0b8ea1]:<(  f(I[0]*I[1]) => NULL  )>
]        |      \
]        |       0»0»(LEAVE): [NID:1]:<(  f(NONE) => [1]:(2.0)  )>
]        |       |
]        |       1»1»(BRANCH DELETED): [NID:482b4d11]:<(  f(I[0]*-1.0) => NULL  )>
]        |          \
]        |           0»0»(LEAVE RQS GRADIENT): [NID:1]:<(  f(NONE) => [1]:(2.0)  )>
]        |
]        1»1»(BRANCH): [NID:45e145cd]:<(  f(-1.0*I[0]) => [1]:(-2.0)  )>
]           \
]            0»0»(LEAVE RQS GRADIENT): [NID:1]:<(  f(NONE) => [1]:(2.0)  )>
]
]|END|>
]]></system-out>
  <system-err><![CDATA[]]></system-err>
</testsuite>
