<?xml version="1.0" encoding="UTF-8"?>
<testsuite name="TestOnGPU" tests="1" skipped="0" failures="0" errors="0" timestamp="2019-11-22T23:10:26" hostname="Gleethos" time="2.631">
  <properties/>
  <testcase name="DefaultDeviceTests" classname="TestOnGPU" time="2.631"/>
  <system-out><![CDATA[Number of devices in platform NVIDIA CUDA: 1
GeForce GTX 1080
GPU
Kernel needed: add
Kernel needed: multiply
Kernel needed: add
Kernel needed: multiply
Kernel needed: convolve
Kernel needed: ligmoid
Kernel needed: add
Kernel needed: add
Kernel needed: add
Kernel needed: multiply
Kernel needed: add
Kernel needed: convolve
Kernel needed: add
Kernel needed: add
Kernel needed: add
Kernel needed: convolve
Kernel needed: add
Kernel needed: convolve
Kernel needed: add
Kernel needed: add
Kernel needed: multiply
Kernel needed: multiply
Kernel needed: multiply
Kernel needed: identity
Kernel needed: power
Kernel needed: identity
Kernel needed: power
Kernel needed: multiply
Kernel needed: multiply
Kernel needed: multiply
Kernel needed: power
Kernel needed: power
Kernel needed: power
Kernel needed: power
Kernel needed: multiply
Kernel needed: multiply
Kernel needed: multiply
Kernel needed: power
Kernel needed: multiply
Kernel needed: multiply
Kernel needed: divide
Kernel needed: divide
Kernel needed: divide
Kernel needed: divide
Kernel needed: add
Kernel needed: divide
Kernel needed: divide
Kernel needed: divide
Kernel needed: multiply
Kernel needed: divide
Garbage has been removed from GPU!!!
Garbage has been removed from GPU!!!
Garbage has been removed from GPU!!!
Garbage has been removed from GPU!!!
Garbage has been removed from GPU!!!
Garbage has been removed from GPU!!!
Garbage has been removed from GPU!!!
Garbage has been removed from GPU!!!
Garbage has been removed from GPU!!!
Garbage has been removed from GPU!!!
Garbage has been removed from GPU!!!
Garbage has been removed from GPU!!!
Garbage has been removed from GPU!!!
Garbage has been removed from GPU!!!
Garbage has been removed from GPU!!!
Garbage has been removed from GPU!!!
Garbage has been removed from GPU!!!
]]></system-out>
  <system-err><![CDATA[]]></system-err>
</testsuite>
