<?xml version="1.0" encoding="UTF-8"?>
<testsuite name="LightGroovyTests" tests="13" skipped="0" failures="0" errors="0" timestamp="2019-12-30T20:49:31" hostname="DESKTOP-6UFJ24U" time="0.054">
  <properties/>
  <testcase name="testIndexMapping" classname="LightGroovyTests" time="0.005"/>
  <testcase name="testJITPropagationVariantOne" classname="LightGroovyTests" time="0.001"/>
  <testcase name="testJITPropagationVariantTwo" classname="LightGroovyTests" time="0.002"/>
  <testcase name="testIndexingModes" classname="LightGroovyTests" time="0.002"/>
  <testcase name="testTensorManipulation" classname="LightGroovyTests" time="0.004"/>
  <testcase name="testPendingErrorOptimization" classname="LightGroovyTests" time="0.002"/>
  <testcase name="testOperations" classname="LightGroovyTests" time="0.003"/>
  <testcase name="testPowerOverloadedAndInputFunctions" classname="LightGroovyTests" time="0.007"/>
  <testcase name="testAddingDeviceToTensor" classname="LightGroovyTests" time="0.005"/>
  <testcase name="testPendingErrorOptimization2" classname="LightGroovyTests" time="0.001"/>
  <testcase name="testDataTypes" classname="LightGroovyTests" time="0.014"/>
  <testcase name="testRandomTensor" classname="LightGroovyTests" time="0.001"/>
  <testcase name="testTranspose" classname="LightGroovyTests" time="0.004"/>
  <system-out><![CDATA[[3x2x1]:(1.0, 2.0, 3.0, 4.0, 5.0, 6.0)
5.0
5.0
[3x2x1]:(1.0, 2.0, 3.0, 4.0, 5.0, 6.0)
]]></system-out>
  <system-err><![CDATA[]]></system-err>
</testsuite>
