<?xml version="1.0" encoding="UTF-8"?>
<testsuite name="DeviceTests" tests="1" skipped="0" failures="0" errors="0" timestamp="2019-12-30T20:48:59" hostname="DESKTOP-6UFJ24U" time="13.063">
  <properties/>
  <testcase name="testOpenCLDevice" classname="DeviceTests" time="13.063"/>
  <system-out><![CDATA[Number of devices in platform NVIDIA CUDA: 1
GeForce GTX 1050 Ti with Max-Q Design
GPU
Number of devices in platform Intel(R) OpenCL: 2
Intel(R) UHD Graphics 630
GPU
Intel(R) Core(TM) i7-8750H CPU @ 2.20GHz
CPU
]]></system-out>
  <system-err><![CDATA[]]></system-err>
</testsuite>
