<?xml version="1.0" encoding="UTF-8"?>
<testsuite name="TestTest" tests="4" skipped="0" failures="0" errors="0" timestamp="2019-09-12T20:47:50" hostname="DESKTOP-6UFJ24U" time="32.35">
  <properties/>
  <testcase name="testTensorFunctions" classname="TestTest" time="6.97"/>
  <testcase name="testTest" classname="TestTest" time="6.015"/>
  <testcase name="testTensorDevice" classname="TestTest" time="8.188"/>
  <testcase name="testTensorCore" classname="TestTest" time="11.177"/>
  <system-out><![CDATA[0.0
Test test works

---
Device 1606622267984
  vendor = NVIDIA Corporation
  type:GPU
  maxComputeUnits=6
  maxWorkItemDimensions=3
  maxWorkItemSizes={1024, 1024, 64}
  maxWorkWorkGroupSize=1024
  globalMemSize=4294967296
  localMemSize=49152
---


---
Device 1606626122528
  vendor = Intel(R) Corporation
  type:GPU
  maxComputeUnits=24
  maxWorkItemDimensions=3
  maxWorkItemSizes={256, 256, 256}
  maxWorkWorkGroupSize=256
  globalMemSize=6764113920
  localMemSize=65536
---


---
Device 1608443732960
  vendor = Intel(R) Corporation
  type:CPU
  maxComputeUnits=12
  maxWorkItemDimensions=3
  maxWorkItemSizes={8192, 8192, 8192}
  maxWorkWorkGroupSize=8192
  globalMemSize=16910290944
  localMemSize=32768
---

Device of new kernel:
------------
Device 1606622267984
  vendor = NVIDIA Corporation
  type:GPU
  maxComputeUnits=6
  maxWorkItemDimensions=3
  maxWorkItemSizes={1024, 1024, 64}
  maxWorkWorkGroupSize=1024
  globalMemSize=4294967296
  localMemSize=49152
pre mul:
888.0, 777.0, -33.0, 999.0, 0.0, 0.0, 0.0, 0.0, -7.0, -9.0, 4.0, -4.0, 9.0, 4.0, 77.0, 0.0, 0.0, 0.0, 0.0, 0.0, 
888.0, 777.0, -33.0, 999.0, 0.0, 0.0, 0.0, 0.0, -7.0, -9.0, 4.0, -4.0, 9.0, 4.0, 77.0, 1.0, 2.0, 3.0, 4.0, 0.0, 2.0, 3.0, 4.0, 2.0, -1.0, -2.0, -3.0, -1.0, 3.0, 0.0, 2.0, -3.0, 1.0, 2.0, -3.0, 0.0, 4.0, 5.0, -1.0, 15.0, 11.0, 20.0, -22.0, 0.0, 0.0, 0.0, 0.0, 0.0, 0.0, -2.0, 3.0, 6.0, 3.0, -1.0, 0.0, 2.0, 4.0, 2.0, 1.0, 1.0, 2.0, -3.0, 2.0, 4.0, -2.0, -1.0, 5.0, 0.0, 0.0, 0.0, 0.0, 0.0, 0.0, 0.0, 0.0, 0.0, 0.0, 0.0, 0.0, 0.0, 0.0, 0.0, 0.0, 0.0, 0.0, 0.0, 0.0, 0.0, 0.0, 0.0, 0.0, 0.0, 0.0, 0.0, 0.0, 0.0, 0.0, 0.0, 0.0, 0.0, 0.0, 0.0, 0.0, 0.0, 0.0, 0.0, 0.0, 0.0, 0.0, 0.0, 0.0, 0.0, 0.0, 0.0, 0.0, 0.0, 0.0, 0.0, 0.0, 0.0, 0.0, 0.0, 0.0, 0.0, 0.0, 
0, -4, 3, 2, 0, 2, 8, 2, 0, 1, 0, 1, 10, 5, 2, 1, 0, 1, 15, 12, 4, 3, 2, 3, 27, 12, 3, 3, 5, 3, 39, 4, 7, 3, 8, 3, 43, 6, 4, 2, 0, 2, 49, 10, 2, 2, 11, 2, 59, 8, 10, 2, 13, 2, 
2, 4, 5, 2, 2, 3, 2, 1, 2, 2, 4, 2, 0, 0, 0, 0, 0, 
1, 2, 1, 2, 6, 1, 2, 4, 1, 1, 2, 1, 5, 1, 4, 0, 0, 0, 0, 0, 0, 0, 0, 0, 
0, 0, 0, 0, 0, 0, 0, 0, 0, 0, 0, 0, 0, 0, 0, 0, 
WE ARE HERE:
888.0, 777.0, -33.0, 999.0, 0.0, 0.0, 0.0, 0.0, -7.0, -9.0, 4.0, -4.0, 9.0, 4.0, 77.0, 1.0, 2.0, 3.0, 4.0, 0.0, 2.0, 3.0, 4.0, 2.0, -1.0, -2.0, -3.0, -1.0, 3.0, 0.0, 2.0, -3.0, 1.0, 2.0, -3.0, 0.0, 4.0, 5.0, -1.0, 15.0, 11.0, 20.0, -22.0, -8.0, 4.0, -9.0, -2.0, 2.0, 3.0, -2.0, 3.0, 6.0, 3.0, -1.0, 0.0, 2.0, 4.0, 2.0, 1.0, 1.0, 2.0, -3.0, 2.0, 4.0, -2.0, -1.0, 5.0, 0.0, 0.0, 0.0, 0.0, 0.0, 0.0, 0.0, 0.0, 0.0, 0.0, 0.0, 0.0, 0.0, 0.0, 0.0, 0.0, 0.0, 0.0, 0.0, 0.0, 0.0, 0.0, 0.0, 0.0, 0.0, 0.0, 0.0, 0.0, 0.0, 0.0, 0.0, 0.0, 0.0, 0.0, 0.0, 0.0, 0.0, 0.0, 0.0, 0.0, 0.0, 0.0, 0.0, 0.0, 0.0, 0.0, 0.0, 0.0, 0.0, 0.0, 0.0, 0.0, 0.0, 0.0, 0.0, 0.0, 0.0, 0.0, 
0, -4, 3, 2, 0, 2, 8, 2, 0, 1, 0, 1, 10, 5, 2, 1, 0, 1, 15, 12, 4, 3, 2, 3, 27, 12, 3, 3, 5, 3, 39, 4, 7, 3, 8, 3, 43, 6, 4, 2, 0, 2, 49, 10, 2, 2, 11, 2, 59, 8, 10, 2, 13, 2, 
2, 4, 5, 2, 2, 3, 2, 1, 2, 2, 4, 2, 0, 0, 0, 0, 0, 
1, 2, 1, 2, 6, 1, 2, 4, 1, 1, 2, 1, 5, 1, 4, 0, 0, 0, 0, 0, 0, 0, 0, 0, 
0, 0, 0, 0, 0, 0, 0, 0, 0, 0, 0, 0, 0, 0, 0, 0, 
Done!

---
Device 1606622267984
  vendor = NVIDIA Corporation
  type:GPU
  maxComputeUnits=6
  maxWorkItemDimensions=3
  maxWorkItemSizes={1024, 1024, 64}
  maxWorkWorkGroupSize=1024
  globalMemSize=4294967296
  localMemSize=49152
---


---
Device 1606626122528
  vendor = Intel(R) Corporation
  type:GPU
  maxComputeUnits=24
  maxWorkItemDimensions=3
  maxWorkItemSizes={256, 256, 256}
  maxWorkWorkGroupSize=256
  globalMemSize=6764113920
  localMemSize=65536
---


---
Device 1608443732960
  vendor = Intel(R) Corporation
  type:CPU
  maxComputeUnits=12
  maxWorkItemDimensions=3
  maxWorkItemSizes={8192, 8192, 8192}
  maxWorkWorkGroupSize=8192
  globalMemSize=16910290944
  localMemSize=32768
---

Device of new kernel:
------------
Device 1606622267984
  vendor = NVIDIA Corporation
  type:GPU
  maxComputeUnits=6
  maxWorkItemDimensions=3
  maxWorkItemSizes={1024, 1024, 64}
  maxWorkWorkGroupSize=1024
  globalMemSize=4294967296
  localMemSize=49152
]]></system-out>
  <system-err><![CDATA[]]></system-err>
</testsuite>
